<?xml version="1.0" encoding="UTF-8"?>
<!-- Generated by org.testng.reporters.JUnitReportReporter -->
<testsuite hostname="shubham-pc" failures="0" tests="5" name="testPackage.ComposeEmailTest" time="28.999" errors="0" timestamp="2022-10-25T02:08:43 IST" skipped="0">
  <testcase classname="testPackage.ComposeEmailTest" name="sendEmail" time="7.205"/>
  <system-out/>
  <testcase classname="testPackage.ComposeEmailTest" name="sendPassword" time="5.568"/>
  <system-out/>
  <testcase classname="testPackage.ComposeEmailTest" name="clickOnCompose" time="10.514"/>
  <system-out/>
  <testcase classname="testPackage.ComposeEmailTest" name="sendBodyCredentials" time="5.279"/>
  <system-out/>
  <testcase classname="testPackage.ComposeEmailTest" name="sendSubjectCredentials" time="0.433"/>
  <system-out/>
</testsuite> <!-- testPackage.ComposeEmailTest -->
