<?xml version="1.0" encoding="UTF-8"?>
<!-- Generated by org.testng.reporters.JUnitReportReporter -->
<testsuite hostname="shubham-pc" failures="0" tests="5" name="testPackage.ComposeEmailTest" time="26.687" errors="0" timestamp="2022-10-25T01:37:01 IST" skipped="0">
  <testcase classname="testPackage.ComposeEmailTest" name="sendEmail" time="7.390"/>
  <system-out/>
  <testcase classname="testPackage.ComposeEmailTest" name="sendPassword" time="5.681"/>
  <system-out/>
  <testcase classname="testPackage.ComposeEmailTest" name="clickOnCompose" time="10.570"/>
  <system-out/>
  <testcase classname="testPackage.ComposeEmailTest" name="sendBodyCredentials" time="2.640"/>
  <system-out/>
  <testcase classname="testPackage.ComposeEmailTest" name="sendSubjectCredentials" time="0.406"/>
  <system-out/>
</testsuite> <!-- testPackage.ComposeEmailTest -->
